<?xml version="1.0" encoding="UTF-8"?>
<!-- Generated by org.testng.reporters.JUnitReportReporter -->
<testsuite hostname="SAYANTIKA" name="com.qa.testCases.BasePageTest" tests="2" failures="0" timestamp="2 Jun 2019 14:50:22 GMT" time="22.815" errors="0">
  <testcase name="validateSignUpButtonTest" time="10.399" classname="com.qa.testCases.BasePageTest"/>
  <testcase name="validateLoginButtonTest" time="12.416" classname="com.qa.testCases.BasePageTest"/>
</testsuite> <!-- com.qa.testCases.BasePageTest -->
