<?xml version="1.0" encoding="UTF-8"?>
<!-- Generated by org.testng.reporters.JUnitReportReporter -->
<testsuite hostname="SAYANTIKA" name="com.qa.testCases.LoginPageTest" tests="3" failures="0" timestamp="8 Jun 2019 15:14:11 GMT" time="86.884" errors="0">
  <testcase name="loginPageTitleTest" time="14.222" classname="com.qa.testCases.LoginPageTest"/>
  <testcase name="loginButtonTest" time="34.329" classname="com.qa.testCases.LoginPageTest"/>
  <testcase name="loginTest" time="38.333" classname="com.qa.testCases.LoginPageTest"/>
</testsuite> <!-- com.qa.testCases.LoginPageTest -->
