<?xml version="1.0" encoding="UTF-8"?>
<!-- Generated by org.testng.reporters.JUnitReportReporter -->
<testsuite hostname="SAYANTIKA" name="com.qa.testCases.SignUpPageTest" tests="1" failures="0" timestamp="8 Jun 2019 14:46:42 GMT" time="47.881" errors="0">
  <testcase name="verifyTitleOfSignUpPageTest" time="47.881" classname="com.qa.testCases.SignUpPageTest"/>
</testsuite> <!-- com.qa.testCases.SignUpPageTest -->
