<?xml version="1.0" encoding="UTF-8"?>
<!-- Generated by org.testng.reporters.JUnitReportReporter -->
<testsuite hostname="SAYANTIKA" name="com.qa.testCases.SignUpPageTest" tests="1" failures="0" timestamp="2 Jun 2019 17:09:41 GMT" time="25.570" errors="0">
  <testcase name="verifyTitleOfSignUpPageTest" time="25.570" classname="com.qa.testCases.SignUpPageTest"/>
</testsuite> <!-- com.qa.testCases.SignUpPageTest -->
